<?xml version="1.0" encoding="UTF-8"?>
<!-- Generated by org.testng.reporters.JUnitReportReporter -->
<testsuite hostname="abeDdMedR.local" failures="0" tests="2" name="com.careerhack.runners.TestRunner" time="18.374" errors="0" timestamp="25 Feb 2022 05:33:52 GMT" skipped="0">
  <testcase classname="com.careerhack.runners.TestRunner" name="runScenario" time="10.656"/>
  <testcase classname="com.careerhack.runners.TestRunner" name="runScenario" time="7.718"/>
</testsuite> <!-- com.careerhack.runners.TestRunner -->
