<?xml version="1.0" encoding="UTF-8"?>
<!-- Generated by org.testng.reporters.JUnitReportReporter -->
<testsuite hostname="abeDdMedR.local" failures="0" tests="2" name="com.careerhack.runners.TestRunner" time="0.210" errors="0" timestamp="20 Feb 2022 23:19:56 GMT" skipped="0">
  <testcase classname="com.careerhack.runners.TestRunner" name="runScenario" time="0.204"/>
  <testcase classname="com.careerhack.runners.TestRunner" name="runScenario" time="0.006"/>
</testsuite> <!-- com.careerhack.runners.TestRunner -->
